<?xml version="1.0" encoding="UTF-8"?>
<!-- Generated by org.testng.reporters.JUnitXMLReporter -->
<testsuite ignored="0" hostname="BHUSH" failures="0" tests="3" name="Default test" time="0.066" errors="0" timestamp="2023-02-14T01:33:31 IST">
  <testcase classname="tests.HomePageTest" name="@BeforeMethod initialize" time="-1.676318611558E9">
    <failure type="org.testng.TestNGException" message="
Parameter &amp;apos;username&amp;apos; is required by BeforeMethod on method initialize but has not been marked @Optional or defined
in C:\Users\bhush\AppData\Local\Temp\testng-eclipse--174123090\testng-customsuite.xml">
      <![CDATA[org.testng.TestNGException: 
Parameter 'username' is required by BeforeMethod on method initialize but has not been marked @Optional or defined
in C:\Users\bhush\AppData\Local\Temp\testng-eclipse--174123090\testng-customsuite.xml
at org.testng.internal.Parameters.createParams(Parameters.java:270)
at org.testng.internal.Parameters.createParametersForMethod(Parameters.java:358)
at org.testng.internal.Parameters.createParameters(Parameters.java:700)
at org.testng.internal.Parameters.createConfigurationParameters(Parameters.java:168)
at org.testng.internal.ConfigInvoker.invokeConfigurations(ConfigInvoker.java:302)
at org.testng.internal.TestInvoker.runConfigMethods(TestInvoker.java:700)
at org.testng.internal.TestInvoker.invokeMethod(TestInvoker.java:527)
at org.testng.internal.TestInvoker.invokeTestMethod(TestInvoker.java:173)
at org.testng.internal.MethodRunner.runInSequence(MethodRunner.java:46)
at org.testng.internal.TestInvoker$MethodInvocationAgent.invoke(TestInvoker.java:824)
at org.testng.internal.TestInvoker.invokeTestMethods(TestInvoker.java:146)
at org.testng.internal.TestMethodWorker.invokeTestMethods(TestMethodWorker.java:146)
at org.testng.internal.TestMethodWorker.run(TestMethodWorker.java:128)
at java.base/java.util.ArrayList.forEach(ArrayList.java:1511)
at org.testng.TestRunner.privateRun(TestRunner.java:794)
at org.testng.TestRunner.run(TestRunner.java:596)
at org.testng.SuiteRunner.runTest(SuiteRunner.java:377)
at org.testng.SuiteRunner.runSequentially(SuiteRunner.java:371)
at org.testng.SuiteRunner.privateRun(SuiteRunner.java:332)
at org.testng.SuiteRunner.run(SuiteRunner.java:276)
at org.testng.SuiteRunnerWorker.runSuite(SuiteRunnerWorker.java:53)
at org.testng.SuiteRunnerWorker.run(SuiteRunnerWorker.java:96)
at org.testng.TestNG.runSuitesSequentially(TestNG.java:1212)
at org.testng.TestNG.runSuitesLocally(TestNG.java:1134)
at org.testng.TestNG.runSuites(TestNG.java:1063)
at org.testng.TestNG.run(TestNG.java:1031)
at org.testng.remote.AbstractRemoteTestNG.run(AbstractRemoteTestNG.java:115)
at org.testng.remote.RemoteTestNG.initAndRun(RemoteTestNG.java:251)
at org.testng.remote.RemoteTestNG.main(RemoteTestNG.java:77)
]]>
    </failure>
  </testcase> <!-- @BeforeMethod initialize -->
  <testcase classname="tests.HomePageTest" name="@AfterMethod closeResources" time="-1.676318611576E9">
    <skipped/>
  </testcase> <!-- @AfterMethod closeResources -->
  <testcase classname="tests.HomePageTest" name="@BeforeMethod initialize" time="-1.676318611579E9">
    <skipped/>
  </testcase> <!-- @BeforeMethod initialize -->
  <testcase classname="tests.HomePageTest" name="@AfterMethod closeResources" time="-1.676318611584E9">
    <skipped/>
  </testcase> <!-- @AfterMethod closeResources -->
  <testcase classname="tests.HomePageTest" name="@BeforeMethod initialize" time="-1.676318611586E9">
    <skipped/>
  </testcase> <!-- @BeforeMethod initialize -->
  <testcase classname="tests.HomePageTest" name="@AfterMethod closeResources" time="-1.67631861159E9">
    <skipped/>
  </testcase> <!-- @AfterMethod closeResources -->
  <testcase classname="tests.HomePageTest" name="validateLogoutTest" time="0.0">
    <skipped/>
  </testcase> <!-- validateLogoutTest -->
  <testcase classname="tests.HomePageTest" name="validateRedirectionOfNewCompanyLink" time="0.0">
    <skipped/>
  </testcase> <!-- validateRedirectionOfNewCompanyLink -->
  <testcase classname="tests.HomePageTest" name="validateRedirectionOfNewContactLink" time="0.0">
    <skipped/>
  </testcase> <!-- validateRedirectionOfNewContactLink -->
</testsuite> <!-- Default test -->
